<?xml version="1.0" encoding="UTF-8"?>
<!-- Generated by org.testng.reporters.JUnitReportReporter -->
<testsuite skipped="0" hostname="LAPTOP-31H53PAC" name="testclasses.Scenario1" tests="1" failures="0" timestamp="2020-05-31T03:30:18 BST" time="14.080" errors="0">
  <testcase name="method1" time="14.080" classname="testclasses.Scenario1"/>
  <system-out/>
</testsuite> <!-- testclasses.Scenario1 -->
